This is pdfTeX, Version 3.1415926-2.5-1.40.14 (TeX Live 2013) (format=pdflatex 2013.5.30)  14 MAY 2014 14:13
entering extended mode
 restricted \write18 enabled.
 file:line:error style messages enabled.
 %&-line parsing enabled.
**dissertation.tex
(./dissertation.tex
LaTeX2e <2011/06/27>
Babel <3.9f> and hyphenation patterns for 78 languages loaded.
(/usr/local/texlive/2013/texmf-dist/tex/latex/base/report.cls
Document Class: report 2007/10/19 v1.4h Standard LaTeX document class
(/usr/local/texlive/2013/texmf-dist/tex/latex/base/size12.clo
File: size12.clo 2007/10/19 v1.4h Standard LaTeX file (size option)
)
\c@part=\count79
\c@chapter=\count80
\c@section=\count81
\c@subsection=\count82
\c@subsubsection=\count83
\c@paragraph=\count84
\c@subparagraph=\count85
\c@figure=\count86
\c@table=\count87
\abovecaptionskip=\skip41
\belowcaptionskip=\skip42
\bibindent=\dimen102
)
(/usr/local/texlive/2013/texmf-dist/tex/latex/natbib/natbib.sty
Package: natbib 2010/09/13 8.31b (PWD, AO)
\bibhang=\skip43
\bibsep=\skip44
LaTeX Info: Redefining \cite on input line 694.
\c@NAT@ctr=\count88
)
(/usr/local/texlive/2013/texmf-dist/tex/latex/setspace/setspace.sty
Package: setspace 2011/12/19 v6.7a set line spacing
)
(/usr/local/texlive/2013/texmf-dist/tex/latex/graphics/graphicx.sty
Package: graphicx 1999/02/16 v1.0f Enhanced LaTeX Graphics (DPC,SPQR)

(/usr/local/texlive/2013/texmf-dist/tex/latex/graphics/keyval.sty
Package: keyval 1999/03/16 v1.13 key=value parser (DPC)
\KV@toks@=\toks14
)
(/usr/local/texlive/2013/texmf-dist/tex/latex/graphics/graphics.sty
Package: graphics 2009/02/05 v1.0o Standard LaTeX Graphics (DPC,SPQR)

(/usr/local/texlive/2013/texmf-dist/tex/latex/graphics/trig.sty
Package: trig 1999/03/16 v1.09 sin cos tan (DPC)
)
(/usr/local/texlive/2013/texmf-dist/tex/latex/latexconfig/graphics.cfg
File: graphics.cfg 2010/04/23 v1.9 graphics configuration of TeX Live
)
Package graphics Info: Driver file: pdftex.def on input line 91.

(/usr/local/texlive/2013/texmf-dist/tex/latex/pdftex-def/pdftex.def
File: pdftex.def 2011/05/27 v0.06d Graphics/color for pdfTeX

(/usr/local/texlive/2013/texmf-dist/tex/generic/oberdiek/infwarerr.sty
Package: infwarerr 2010/04/08 v1.3 Providing info/warning/error messages (HO)
)
(/usr/local/texlive/2013/texmf-dist/tex/generic/oberdiek/ltxcmds.sty
Package: ltxcmds 2011/11/09 v1.22 LaTeX kernel commands for general use (HO)
)
\Gread@gobject=\count89
))
\Gin@req@height=\dimen103
\Gin@req@width=\dimen104
)
(/usr/local/texlive/2013/texmf-dist/tex/latex/geometry/geometry.sty
Package: geometry 2010/09/12 v5.6 Page Geometry

(/usr/local/texlive/2013/texmf-dist/tex/generic/oberdiek/ifpdf.sty
Package: ifpdf 2011/01/30 v2.3 Provides the ifpdf switch (HO)
Package ifpdf Info: pdfTeX in PDF mode is detected.
)
(/usr/local/texlive/2013/texmf-dist/tex/generic/oberdiek/ifvtex.sty
Package: ifvtex 2010/03/01 v1.5 Detect VTeX and its facilities (HO)
Package ifvtex Info: VTeX not detected.
)
(/usr/local/texlive/2013/texmf-dist/tex/generic/ifxetex/ifxetex.sty
Package: ifxetex 2010/09/12 v0.6 Provides ifxetex conditional
)
\Gm@cnth=\count90
\Gm@cntv=\count91
\c@Gm@tempcnt=\count92
\Gm@bindingoffset=\dimen105
\Gm@wd@mp=\dimen106
\Gm@odd@mp=\dimen107
\Gm@even@mp=\dimen108
\Gm@layoutwidth=\dimen109
\Gm@layoutheight=\dimen110
\Gm@layouthoffset=\dimen111
\Gm@layoutvoffset=\dimen112
\Gm@dimlist=\toks15
)
(/usr/local/texlive/2013/texmf-dist/tex/latex/booktabs/booktabs.sty
Package: booktabs 2005/04/14 v1.61803 publication quality tables
\heavyrulewidth=\dimen113
\lightrulewidth=\dimen114
\cmidrulewidth=\dimen115
\belowrulesep=\dimen116
\belowbottomsep=\dimen117
\aboverulesep=\dimen118
\abovetopsep=\dimen119
\cmidrulesep=\dimen120
\cmidrulekern=\dimen121
\defaultaddspace=\dimen122
\@cmidla=\count93
\@cmidlb=\count94
\@aboverulesep=\dimen123
\@belowrulesep=\dimen124
\@thisruleclass=\count95
\@lastruleclass=\count96
\@thisrulewidth=\dimen125
)
(/usr/local/texlive/2013/texmf-dist/tex/latex/tools/longtable.sty
Package: longtable 2004/02/01 v4.11 Multi-page Table package (DPC)
\LTleft=\skip45
\LTright=\skip46
\LTpre=\skip47
\LTpost=\skip48
\LTchunksize=\count97
\LTcapwidth=\dimen126
\LT@head=\box26
\LT@firsthead=\box27
\LT@foot=\box28
\LT@lastfoot=\box29
\LT@cols=\count98
\LT@rows=\count99
\c@LT@tables=\count100
\c@LT@chunks=\count101
\LT@p@ftn=\toks16
)
(/usr/local/texlive/2013/texmf-dist/tex/latex/tools/dcolumn.sty
Package: dcolumn 2001/05/28 v1.06 decimal alignment package (DPC)

(/usr/local/texlive/2013/texmf-dist/tex/latex/tools/array.sty
Package: array 2008/09/09 v2.4c Tabular extension package (FMi)
\col@sep=\dimen127
\extrarowheight=\dimen128
\NC@list=\toks17
\extratabsurround=\skip49
\backup@length=\skip50
))
(/usr/local/texlive/2013/texmf-dist/tex/latex/amsmath/amsmath.sty
Package: amsmath 2013/01/14 v2.14 AMS math features
\@mathmargin=\skip51

For additional information on amsmath, use the `?' option.
(/usr/local/texlive/2013/texmf-dist/tex/latex/amsmath/amstext.sty
Package: amstext 2000/06/29 v2.01

(/usr/local/texlive/2013/texmf-dist/tex/latex/amsmath/amsgen.sty
File: amsgen.sty 1999/11/30 v2.0
\@emptytoks=\toks18
\ex@=\dimen129
))
(/usr/local/texlive/2013/texmf-dist/tex/latex/amsmath/amsbsy.sty
Package: amsbsy 1999/11/29 v1.2d
\pmbraise@=\dimen130
)
(/usr/local/texlive/2013/texmf-dist/tex/latex/amsmath/amsopn.sty
Package: amsopn 1999/12/14 v2.01 operator names
)
\inf@bad=\count102
LaTeX Info: Redefining \frac on input line 210.
\uproot@=\count103
\leftroot@=\count104
LaTeX Info: Redefining \overline on input line 306.
\classnum@=\count105
\DOTSCASE@=\count106
LaTeX Info: Redefining \ldots on input line 378.
LaTeX Info: Redefining \dots on input line 381.
LaTeX Info: Redefining \cdots on input line 466.
\Mathstrutbox@=\box30
\strutbox@=\box31
\big@size=\dimen131
LaTeX Font Info:    Redeclaring font encoding OML on input line 566.
LaTeX Font Info:    Redeclaring font encoding OMS on input line 567.
\macc@depth=\count107
\c@MaxMatrixCols=\count108
\dotsspace@=\muskip10
\c@parentequation=\count109
\dspbrk@lvl=\count110
\tag@help=\toks19
\row@=\count111
\column@=\count112
\maxfields@=\count113
\andhelp@=\toks20
\eqnshift@=\dimen132
\alignsep@=\dimen133
\tagshift@=\dimen134
\tagwidth@=\dimen135
\totwidth@=\dimen136
\lineht@=\dimen137
\@envbody=\toks21
\multlinegap=\skip52
\multlinetaggap=\skip53
\mathdisplay@stack=\toks22
LaTeX Info: Redefining \[ on input line 2665.
LaTeX Info: Redefining \] on input line 2666.
)
(/usr/local/texlive/2013/texmf-dist/tex/latex/fragments/subscript.sty)
(/usr/local/texlive/2013/texmf-dist/tex/latex/graphics/lscape.sty
Package: lscape 2000/10/22 v3.01 Landscape Pages (DPC)
)
(/usr/local/texlive/2013/texmf-dist/tex/latex/caption/caption.sty
Package: caption 2013/05/02 v3.3-89 Customizing captions (AR)

(/usr/local/texlive/2013/texmf-dist/tex/latex/caption/caption3.sty
Package: caption3 2013/05/02 v1.6-88 caption3 kernel (AR)
Package caption3 Info: TeX engine: e-TeX on input line 57.
\captionmargin=\dimen138
\captionmargin@=\dimen139
\captionwidth=\dimen140
\caption@tempdima=\dimen141
\caption@indent=\dimen142
\caption@parindent=\dimen143
\caption@hangindent=\dimen144
)
\c@ContinuedFloat=\count114
Package caption Info: longtable package is loaded.

(/usr/local/texlive/2013/texmf-dist/tex/latex/caption/ltcaption.sty
Package: ltcaption 2013/02/03 v1.3-62 longtable captions (AR)
))
(/usr/local/texlive/2013/texmf-dist/tex/latex/tocloft/tocloft.sty
Package: tocloft 2013/05/02 v2.3f parameterised ToC, etc., typesetting
Package tocloft Info: The document has chapter divisions on input line 44.
\cftparskip=\skip54
\cftbeforetoctitleskip=\skip55
\cftaftertoctitleskip=\skip56
\cftbeforepartskip=\skip57
\cftpartnumwidth=\skip58
\cftpartindent=\skip59
\cftbeforechapskip=\skip60
\cftchapindent=\skip61
\cftchapnumwidth=\skip62
\cftbeforesecskip=\skip63
\cftsecindent=\skip64
\cftsecnumwidth=\skip65
\cftbeforesubsecskip=\skip66
\cftsubsecindent=\skip67
\cftsubsecnumwidth=\skip68
\cftbeforesubsubsecskip=\skip69
\cftsubsubsecindent=\skip70
\cftsubsubsecnumwidth=\skip71
\cftbeforeparaskip=\skip72
\cftparaindent=\skip73
\cftparanumwidth=\skip74
\cftbeforesubparaskip=\skip75
\cftsubparaindent=\skip76
\cftsubparanumwidth=\skip77
\cftbeforeloftitleskip=\skip78
\cftafterloftitleskip=\skip79
\cftbeforefigskip=\skip80
\cftfigindent=\skip81
\cftfignumwidth=\skip82
\c@lofdepth=\count115
\c@lotdepth=\count116
\cftbeforelottitleskip=\skip83
\cftafterlottitleskip=\skip84
\cftbeforetabskip=\skip85
\cfttabindent=\skip86
\cfttabnumwidth=\skip87
)
(/usr/local/texlive/2013/texmf-dist/tex/latex/titlesec/titlesec.sty
Package: titlesec 2011/12/15 v2.10.0 Sectioning titles
\ttl@box=\box32
\beforetitleunit=\skip88
\aftertitleunit=\skip89
\ttl@plus=\dimen145
\ttl@minus=\dimen146
\ttl@toksa=\toks23
\titlewidth=\dimen147
\titlewidthlast=\dimen148
\titlewidthfirst=\dimen149
)
(./dissertation.aux

LaTeX Warning: Label `default' multiply defined.


LaTeX Warning: Label `default' multiply defined.


LaTeX Warning: Label `default' multiply defined.


LaTeX Warning: Label `default' multiply defined.


LaTeX Warning: Label `default' multiply defined.


LaTeX Warning: Label `' multiply defined.


LaTeX Warning: Label `' multiply defined.

(./article1_table1.B.aux

LaTeX Warning: Label `' multiply defined.

)

LaTeX Warning: Label `' multiply defined.


LaTeX Warning: Label `' multiply defined.


LaTeX Warning: Label `' multiply defined.


LaTeX Warning: Label `' multiply defined.


LaTeX Warning: Label `' multiply defined.


LaTeX Warning: Label `default' multiply defined.

)
\openout1 = `dissertation.aux'.

LaTeX Font Info:    Checking defaults for OML/cmm/m/it on input line 30.
LaTeX Font Info:    ... okay on input line 30.
LaTeX Font Info:    Checking defaults for T1/cmr/m/n on input line 30.
LaTeX Font Info:    ... okay on input line 30.
LaTeX Font Info:    Checking defaults for OT1/cmr/m/n on input line 30.
LaTeX Font Info:    ... okay on input line 30.
LaTeX Font Info:    Checking defaults for OMS/cmsy/m/n on input line 30.
LaTeX Font Info:    ... okay on input line 30.
LaTeX Font Info:    Checking defaults for OMX/cmex/m/n on input line 30.
LaTeX Font Info:    ... okay on input line 30.
LaTeX Font Info:    Checking defaults for U/cmr/m/n on input line 30.
LaTeX Font Info:    ... okay on input line 30.
 (/usr/local/texlive/2013/texmf-dist/tex/context/base/supp-pdf.mkii
[Loading MPS to PDF converter (version 2006.09.02).]
\scratchcounter=\count117
\scratchdimen=\dimen150
\scratchbox=\box33
\nofMPsegments=\count118
\nofMParguments=\count119
\everyMPshowfont=\toks24
\MPscratchCnt=\count120
\MPscratchDim=\dimen151
\MPnumerator=\count121
\makeMPintoPDFobject=\count122
\everyMPtoPDFconversion=\toks25
) (/usr/local/texlive/2013/texmf-dist/tex/generic/oberdiek/pdftexcmds.sty
Package: pdftexcmds 2011/11/29 v0.20 Utility functions of pdfTeX for LuaTeX (HO
)

(/usr/local/texlive/2013/texmf-dist/tex/generic/oberdiek/ifluatex.sty
Package: ifluatex 2010/03/01 v1.3 Provides the ifluatex switch (HO)
Package ifluatex Info: LuaTeX not detected.
)
Package pdftexcmds Info: LuaTeX not detected.
Package pdftexcmds Info: \pdf@primitive is available.
Package pdftexcmds Info: \pdf@ifprimitive is available.
Package pdftexcmds Info: \pdfdraftmode found.
)
(/usr/local/texlive/2013/texmf-dist/tex/latex/oberdiek/epstopdf-base.sty
Package: epstopdf-base 2010/02/09 v2.5 Base part for package epstopdf

(/usr/local/texlive/2013/texmf-dist/tex/latex/oberdiek/grfext.sty
Package: grfext 2010/08/19 v1.1 Manage graphics extensions (HO)

(/usr/local/texlive/2013/texmf-dist/tex/generic/oberdiek/kvdefinekeys.sty
Package: kvdefinekeys 2011/04/07 v1.3 Define keys (HO)
))
(/usr/local/texlive/2013/texmf-dist/tex/latex/oberdiek/kvoptions.sty
Package: kvoptions 2011/06/30 v3.11 Key value format for package options (HO)

(/usr/local/texlive/2013/texmf-dist/tex/generic/oberdiek/kvsetkeys.sty
Package: kvsetkeys 2012/04/25 v1.16 Key value parser (HO)

(/usr/local/texlive/2013/texmf-dist/tex/generic/oberdiek/etexcmds.sty
Package: etexcmds 2011/02/16 v1.5 Avoid name clashes with e-TeX commands (HO)
Package etexcmds Info: Could not find \expanded.
(etexcmds)             That can mean that you are not using pdfTeX 1.50 or
(etexcmds)             that some package has redefined \expanded.
(etexcmds)             In the latter case, load this package earlier.
)))
Package grfext Info: Graphics extension search list:
(grfext)             [.png,.pdf,.jpg,.mps,.jpeg,.jbig2,.jb2,.PNG,.PDF,.JPG,.JPE
G,.JBIG2,.JB2,.eps]
(grfext)             \AppendGraphicsExtensions on input line 452.

(/usr/local/texlive/2013/texmf-dist/tex/latex/latexconfig/epstopdf-sys.cfg
File: epstopdf-sys.cfg 2010/07/13 v1.3 Configuration of (r)epstopdf for TeX Liv
e
))
*geometry* driver: auto-detecting
*geometry* detected driver: pdftex
*geometry* verbose mode - [ preamble ] result:
* driver: pdftex
* paper: <default>
* layout: <same size as paper>
* layoutoffset:(h,v)=(0.0pt,0.0pt)
* modes: 
* h-part:(L,W,R)=(108.405pt, 433.62001pt, 72.26999pt)
* v-part:(T,H,B)=(72.26999pt, 650.43001pt, 72.26999pt)
* \paperwidth=614.295pt
* \paperheight=794.96999pt
* \textwidth=433.62001pt
* \textheight=650.43001pt
* \oddsidemargin=36.13501pt
* \evensidemargin=36.13501pt
* \topmargin=-37.0pt
* \headheight=12.0pt
* \headsep=25.0pt
* \topskip=12.0pt
* \footskip=30.0pt
* \marginparwidth=44.0pt
* \marginparsep=10.0pt
* \columnsep=10.0pt
* \skip\footins=10.8pt plus 4.0pt minus 2.0pt
* \hoffset=0.0pt
* \voffset=0.0pt
* \mag=1000
* \@twocolumnfalse
* \@twosidefalse
* \@mparswitchfalse
* \@reversemarginfalse
* (1in=72.27pt=25.4mm, 1cm=28.453pt)

Package caption Info: Begin \AtBeginDocument code.
Package caption Info: End \AtBeginDocument code.
[1

{/usr/local/texlive/2013/texmf-var/fonts/map/pdftex/updmap/pdftex.map}]
[1

] [2

] (./dissertation.toc
Overfull \hbox (10.82927pt too wide) in paragraph at lines 8--8
 [][] []\OT1/cmr/m/sc/12 Why are the Most Trade-Open Coun-tries More Likely 
 []

[3

])
\tf@toc=\write3
\openout3 = `dissertation.toc'.

 [4] (./dissertation.lot
Overfull \hbox (0.23392pt too wide) in paragraph at lines 4--4
 [][] []\OT1/cmr/m/n/12 Rival Ex-pla-na-tions: Elec-toral Sys-tem, Cen-tral-iza
-tion, Left Party Seats, 
 []

)
\tf@lot=\write4
\openout4 = `dissertation.lot'.

 [5

] (./dissertation.lof)
\tf@lof=\write5
\openout5 = `dissertation.lof'.

 [6

]
Chapter 1.
[1


] [2] [3] [4] [5] [6] [7] [8] [9] [10] [11]
Chapter 2.
[12

] [13] [14] [15]
Overfull \hbox (4.52585pt too wide) in paragraph at lines 286--286
 |[]\OT1/cmr/bx/n/17.28 Literature Re-view: Mass Me-dia Be-tween Glob-
 []

[16] [17] [18] [19] [20] [21] [22] [23] [24]
<article1_flowchart.png, id=114, 325.215pt x 300.6432pt>
File: article1_flowchart.png Graphic file (type png)

<use article1_flowchart.png>
Package pdftex.def Info: article1_flowchart.png used on input line 541.
(pdftex.def)             Requested size: 325.2142pt x 300.64246pt.
 [25] [26 <./article1_flowchart.png>] [27] [28]
[29] [30] [31] [32] <article1_blame_coefs.pdf, id=143, 289.08pt x 289.08pt>
File: article1_blame_coefs.pdf Graphic file (type pdf)

<use article1_blame_coefs.pdf>
Package pdftex.def Info: article1_blame_coefs.pdf used on input line 725.
(pdftex.def)             Requested size: 289.07928pt x 289.07928pt.

<article1_media_blame_effect.pdf, id=144, 361.35pt x 289.08pt>
File: article1_media_blame_effect.pdf Graphic file (type pdf)

<use article1_media_blame_effect.pdf>
Package pdftex.def Info: article1_media_blame_effect.pdf used on input line 739
.
(pdftex.def)             Requested size: 361.34912pt x 289.07928pt.
 [33] [34 <./article1_blame_coefs.pdf> <./article1_media_blame_effect.pdf>]
<article1_govhandling_coefs.pdf, id=165, 289.08pt x 289.08pt>
File: article1_govhandling_coefs.pdf Graphic file (type pdf)

<use article1_govhandling_coefs.pdf>
Package pdftex.def Info: article1_govhandling_coefs.pdf used on input line 767.

(pdftex.def)             Requested size: 289.07928pt x 289.07928pt.
 [35 <./article1_govhandling_coefs.pdf>]
<article1_govhandling_effect.pdf, id=176, 361.35pt x 289.08pt>
File: article1_govhandling_effect.pdf Graphic file (type pdf)

<use article1_govhandling_effect.pdf>
Package pdftex.def Info: article1_govhandling_effect.pdf used on input line 781
.
(pdftex.def)             Requested size: 361.34912pt x 289.07928pt.
 [36 <./article1_govhandling_effect.pdf>]
<article1_turnout_coefs.pdf, id=189, 289.08pt x 289.08pt>
File: article1_turnout_coefs.pdf Graphic file (type pdf)

<use article1_turnout_coefs.pdf>
Package pdftex.def Info: article1_turnout_coefs.pdf used on input line 797.
(pdftex.def)             Requested size: 289.07928pt x 289.07928pt.

<article1_turnout.pdf, id=190, 361.35pt x 289.08pt>
File: article1_turnout.pdf Graphic file (type pdf)
 <use article1_turnout.pdf>
Package pdftex.def Info: article1_turnout.pdf used on input line 804.
(pdftex.def)             Requested size: 361.34912pt x 289.07928pt.

[37 <./article1_turnout_coefs.pdf>] [38 <./article1_turnout.pdf>]
Missing character: There is no Ã in font cmr12!
Missing character: There is no   in font cmr12!
 [39]
(./article1_main_state_models_standardized.tex) [40] [41]
(./article1_rival_models_standardized.tex) [42] [43]
Chapter 3.
[44

] [45]
Overfull \hbox (5.25374pt too wide) in paragraph at lines 973--973
 |[]\OT1/cmr/bx/n/17.28 Literature Re-view: Glob-al-iza-tion, Wel-fare, and
 []

[46] [47] [48] [49] [50] [51] [52] [53] [54] [55] [56] [57] [58]
Overfull \hbox (28.21365pt too wide) in paragraph at lines 1318--1324
[][]
 []

[59] [60] [61] [62]
Overfull \hbox (30.35281pt too wide) in paragraph at lines 1402--1402
 |[]\OT1/cmr/bx/n/14.4 Globalization, the Me-dia, and Pref-er-ences Cross-Natio
nally| 
 []

<article3_fdi.png, id=292, 563.706pt x 339.1872pt>
File: article3_fdi.png Graphic file (type png)
 <use article3_fdi.png>
Package pdftex.def Info: article3_fdi.png used on input line 1472.
(pdftex.def)             Requested size: 422.77846pt x 254.38977pt.

<article3_finopen.png, id=293, 575.751pt x 345.9324pt>
File: article3_finopen.png Graphic file (type png)

<use article3_finopen.png>
Package pdftex.def Info: article3_finopen.png used on input line 1479.
(pdftex.def)             Requested size: 431.8122pt x 259.44865pt.
 [63] [64] [65 <./article3_fdi.png> <./article3_finopen.png>]
Overfull \hbox (1.08195pt too wide) in paragraph at lines 1500--1503
[]\OT1/cmr/m/n/12 Trade is anoma-lous with re-spect to its non-interacted and i
n-ter-acted terms. Surpis-
 []

[66] [67] [68] [69] [70] [71] [72]
<article3_rdgraph.png, id=328, 488.5452pt x 293.898pt>
File: article3_rdgraph.png Graphic file (type png)

<use article3_rdgraph.png>
Package pdftex.def Info: article3_rdgraph.png used on input line 1759.
(pdftex.def)             Requested size: 415.26538pt x 249.81445pt.
 [73 <./article3_rdgraph.png>] [74] [75] [76]
Chapter 4.
[77

] [78] <article2_introplot.png, id=351, 1739.49875pt x 1316.92pt>
File: article2_introplot.png Graphic file (type png)

<use article2_introplot.png>
Package pdftex.def Info: article2_introplot.png used on input line 1899.
(pdftex.def)             Requested size: 347.89359pt x 263.37933pt.
 [79] [80 <./article2_introplot.png>] [81] [82]
[83] [84] [85] [86] [87] [88] [89] [90] [91] [92] [93] [94] [95] [96] [97]
[98] [99] (./article2_table1.tex
Overfull \hbox (4.59723pt too wide) detected at line 3
$\OML/cmm/m/it/10 :\OT1/cmr/m/n/10 691[]$ 
 []


Overfull \hbox (4.59723pt too wide) detected at line 3
$\OML/cmm/m/it/10 :\OT1/cmr/m/n/10 287[]$ 
 []


Overfull \hbox (3.8889pt too wide) detected at line 4
$\OML/cmm/m/it/10 :\OT1/cmr/m/n/10 129)$ 
 []


Overfull \hbox (3.8889pt too wide) detected at line 4
$\OML/cmm/m/it/10 :\OT1/cmr/m/n/10 148)$ 
 []


Overfull \hbox (3.8889pt too wide) detected at line 4
$\OML/cmm/m/it/10 :\OT1/cmr/m/n/10 089)$ 
 []


Overfull \hbox (3.8889pt too wide) detected at line 4
$\OML/cmm/m/it/10 :\OT1/cmr/m/n/10 662)$ 
 []


Overfull \hbox (3.8889pt too wide) detected at line 5
$\OML/cmm/m/it/10 :\OT1/cmr/m/n/10 215)$ 
 []


Overfull \hbox (4.59723pt too wide) detected at line 5
$\OML/cmm/m/it/10 :\OT1/cmr/m/n/10 800[]$ 
 []


Overfull \hbox (4.59723pt too wide) detected at line 5
$\OML/cmm/m/it/10 :\OT1/cmr/m/n/10 726[]$ 
 []


Overfull \hbox (4.59723pt too wide) detected at line 5
$\OML/cmm/m/it/10 :\OT1/cmr/m/n/10 381[]$ 
 []


Overfull \hbox (4.59723pt too wide) detected at line 5
$\OML/cmm/m/it/10 :\OT1/cmr/m/n/10 372[]$ 
 []


Overfull \hbox (4.59723pt too wide) detected at line 6
$\OML/cmm/m/it/10 :\OT1/cmr/m/n/10 436[]$ 
 []


Overfull \hbox (3.8889pt too wide) detected at line 6
$\OML/cmm/m/it/10 :\OT1/cmr/m/n/10 207)$ 
 []


Overfull \hbox (3.8889pt too wide) detected at line 6
$\OML/cmm/m/it/10 :\OT1/cmr/m/n/10 256)$ 
 []


Overfull \hbox (3.8889pt too wide) detected at line 6
$\OML/cmm/m/it/10 :\OT1/cmr/m/n/10 484)$ 
 []


Overfull \hbox (3.8889pt too wide) detected at line 6
$\OML/cmm/m/it/10 :\OT1/cmr/m/n/10 508)$ 
 []


Overfull \hbox (3.8889pt too wide) detected at line 7
$\OML/cmm/m/it/10 :\OT1/cmr/m/n/10 524)$ 
 []


Overfull \hbox (4.59723pt too wide) detected at line 7
$\OML/cmm/m/it/10 :\OT1/cmr/m/n/10 066[]$ 
 []


Overfull \hbox (4.59723pt too wide) detected at line 7
$\OML/cmm/m/it/10 :\OT1/cmr/m/n/10 624[]$ 
 []


Overfull \hbox (4.59723pt too wide) detected at line 7
$\OML/cmm/m/it/10 :\OT1/cmr/m/n/10 847[]$ 
 []


Overfull \hbox (4.59723pt too wide) detected at line 7
$\OML/cmm/m/it/10 :\OT1/cmr/m/n/10 594[]$ 
 []


Overfull \hbox (4.59723pt too wide) detected at line 8
$\OML/cmm/m/it/10 :\OT1/cmr/m/n/10 491[]$ 
 []


Overfull \hbox (3.8889pt too wide) detected at line 8
$\OML/cmm/m/it/10 :\OT1/cmr/m/n/10 146)$ 
 []


Overfull \hbox (3.8889pt too wide) detected at line 8
$\OML/cmm/m/it/10 :\OT1/cmr/m/n/10 225)$ 
 []


Overfull \hbox (3.8889pt too wide) detected at line 8
$\OML/cmm/m/it/10 :\OT1/cmr/m/n/10 429)$ 
 []


Overfull \hbox (3.8889pt too wide) detected at line 8
$\OML/cmm/m/it/10 :\OT1/cmr/m/n/10 413)$ 
 []


Overfull \hbox (3.8889pt too wide) detected at line 9
$\OML/cmm/m/it/10 :\OT1/cmr/m/n/10 418)$ 
 []


Overfull \hbox (4.59723pt too wide) detected at line 9
$\OML/cmm/m/it/10 :\OT1/cmr/m/n/10 355[]$ 
 []


Overfull \hbox (4.59723pt too wide) detected at line 9
$\OML/cmm/m/it/10 :\OT1/cmr/m/n/10 868[]$ 
 []


Overfull \hbox (3.8889pt too wide) detected at line 10
$\OML/cmm/m/it/10 :\OT1/cmr/m/n/10 209)$ 
 []


Overfull \hbox (3.8889pt too wide) detected at line 10
$\OML/cmm/m/it/10 :\OT1/cmr/m/n/10 237)$ 
 []


Overfull \hbox (4.59723pt too wide) detected at line 11
$\OML/cmm/m/it/10 :\OT1/cmr/m/n/10 520[]$ 
 []


Overfull \hbox (6.63892pt too wide) detected at line 11
$\OML/cmm/m/it/10 :\OT1/cmr/m/n/10 466[]$ 
 []


Overfull \hbox (6.63892pt too wide) detected at line 12
$\OML/cmm/m/it/10 :\OT1/cmr/m/n/10 468[]$ 
 []


Overfull \hbox (3.8889pt too wide) detected at line 12
$\OML/cmm/m/it/10 :\OT1/cmr/m/n/10 179)$ 
 []


Overfull \hbox (3.8889pt too wide) detected at line 12
$\OML/cmm/m/it/10 :\OT1/cmr/m/n/10 270)$ 
 []


Overfull \hbox (3.8889pt too wide) detected at line 13
$\OML/cmm/m/it/10 :\OT1/cmr/m/n/10 283)$ 
 []


Overfull \hbox (3.8889pt too wide) detected at line 14
$\OML/cmm/m/it/10 :\OT1/cmr/m/n/10 220)$ 
 []


Overfull \hbox (3.8889pt too wide) detected at line 14
$\OML/cmm/m/it/10 :\OT1/cmr/m/n/10 162)$ 
 []


Overfull \hbox (3.8889pt too wide) detected at line 15
$\OML/cmm/m/it/10 :\OT1/cmr/m/n/10 221)$ 
 []


Overfull \hbox (4.59723pt too wide) detected at line 15
$\OML/cmm/m/it/10 :\OT1/cmr/m/n/10 191[]$ 
 []


Overfull \hbox (6.63892pt too wide) detected at line 16
$\OML/cmm/m/it/10 :\OT1/cmr/m/n/10 203[]$ 
 []


Overfull \hbox (3.8889pt too wide) detected at line 16
$\OML/cmm/m/it/10 :\OT1/cmr/m/n/10 771)$ 
 []


Overfull \hbox (3.8889pt too wide) detected at line 16
$\OML/cmm/m/it/10 :\OT1/cmr/m/n/10 991)$ 
 []


Overfull \hbox (3.8889pt too wide) detected at line 17
$\OML/cmm/m/it/10 :\OT1/cmr/m/n/10 334)$ 
 []


Overfull \hbox (3.8889pt too wide) detected at line 18
$\OML/cmm/m/it/10 :\OT1/cmr/m/n/10 021)$ 
 []


Overfull \hbox (3.8889pt too wide) detected at line 18
$\OML/cmm/m/it/10 :\OT1/cmr/m/n/10 055)$ 
 []


Overfull \hbox (3.8889pt too wide) detected at line 19
$\OML/cmm/m/it/10 :\OT1/cmr/m/n/10 063)$ 
 []


Overfull \hbox (6.63892pt too wide) detected at line 19
$\OML/cmm/m/it/10 :\OT1/cmr/m/n/10 082[]$ 
 []


Overfull \hbox (3.8889pt too wide) detected at line 20
$\OML/cmm/m/it/10 :\OT1/cmr/m/n/10 023)$ 
 []


Overfull \hbox (3.8889pt too wide) detected at line 20
$\OML/cmm/m/it/10 :\OT1/cmr/m/n/10 044)$ 
 []


Overfull \hbox (3.8889pt too wide) detected at line 21
$\OML/cmm/m/it/10 :\OT1/cmr/m/n/10 049)$ 
 []


Overfull \hbox (3.8889pt too wide) detected at line 23
$\OML/cmm/m/it/10 :\OT1/cmr/m/n/10 093)$ 
 []


Overfull \hbox (3.8889pt too wide) detected at line 25
$\OML/cmm/m/it/10 :\OT1/cmr/m/n/10 117)$ 
 []


Overfull \hbox (3.8889pt too wide) detected at line 27
$\OML/cmm/m/it/10 :\OT1/cmr/m/n/10 438)$ 
 []


Overfull \hbox (3.8889pt too wide) detected at line 28
$\OML/cmm/m/it/10 :\OT1/cmr/m/n/10 118)$ 
 []

) <article2_trade_effect_plot.png, id=419, 1864.9675pt x 1396.21625pt>
File: article2_trade_effect_plot.png Graphic file (type png)

<use article2_trade_effect_plot.png>
Package pdftex.def Info: article2_trade_effect_plot.png used on input line 2432
.
(pdftex.def)             Requested size: 372.9869pt x 279.2383pt.

<article2_portfolio_effect_plot.png, id=420, 1864.9675pt x 1396.21625pt>
File: article2_portfolio_effect_plot.png Graphic file (type png)

<use article2_portfolio_effect_plot.png>
Package pdftex.def Info: article2_portfolio_effect_plot.png used on input line 
2437.
(pdftex.def)             Requested size: 372.9869pt x 279.2383pt.

<article2_liberalization_effect_plot.png, id=421, 1864.9675pt x 1396.21625pt>
File: article2_liberalization_effect_plot.png Graphic file (type png)

<use article2_liberalization_effect_plot.png>
Package pdftex.def Info: article2_liberalization_effect_plot.png used on input 
line 2443.
(pdftex.def)             Requested size: 372.9869pt x 279.2383pt.

<article2_regions.png, id=422, 2534.46875pt x 1396.21625pt>
File: article2_regions.png Graphic file (type png)

<use article2_regions.png>
Package pdftex.def Info: article2_regions.png used on input line 2448.
(pdftex.def)             Requested size: 456.1847pt x 251.30807pt.

Overfull \hbox (22.56468pt too wide) in paragraph at lines 2448--2449
[][] 
 []

<article2_AM_cases.png, id=423, 2237.35875pt x 1291.82625pt>
File: article2_AM_cases.png Graphic file (type png)

<use article2_AM_cases.png>
Package pdftex.def Info: article2_AM_cases.png used on input line 2453.
(pdftex.def)             Requested size: 447.46382pt x 258.36067pt.

Overfull \hbox (13.84381pt too wide) in paragraph at lines 2453--2454
[][] 
 []

[100] [101 <./article2_trade_effect_plot.png> <./article2_portfolio_effect_plot
.png>] [102 <./article2_liberalization_effect_plot.png> <./article2_regions.png
>] [103 <./article2_AM_cases.png>] [104] [105] [106]
Missing character: There is no Ã in font cmr12!
Missing character: There is no © in font cmr12!
Missing character: There is no Ã in font cmr12!
Missing character: There is no ³ in font cmr12!
Missing character: There is no Ã in font cmr12!
Missing character: There is no ³ in font cmr12!
 [107] [108]
Missing character: There is no Ã in font cmr12!
Missing character: There is no © in font cmr12!
Missing character: There is no Ã in font cmr12!
Missing character: There is no © in font cmr12!
Missing character: There is no Ã in font cmr12!
Missing character: There is no ³ in font cmr12!
 [109] [110]
[111]
Chapter 5.
[112

] [113] [114] [115] [116] (./dissertation.bbl [117] [118

]
Underfull \hbox (badness 10000) in paragraph at lines 63--68
[]\OT1/cmr/m/n/12 Baghwati, Jagdish. 1997. ``Glob-al-iza-tion, Sovereignty, and
 Democ-racy.''
 []


Underfull \hbox (badness 5924) in paragraph at lines 63--68
\OT1/cmr/m/n/12 In \OT1/cmr/m/it/12 Democ-racy's Vic-tory and Cri-sis\OT1/cmr/m
/n/12 . Cam-bridge: Cam-bridge Uni-ver-sity
 []


Underfull \hbox (badness 10000) in paragraph at lines 63--68
\OT1/cmr/m/n/12 Press. http://www.cambridge.org/us/academic/subjects/politics-i
nternational-
 []

[119] [120] [121] [122] [123] [124] [125] [126]
Underfull \hbox (badness 6542) in paragraph at lines 515--521
[]\OT1/cmr/m/n/12 Iversen, T. 2001. ``The Dy-nam-ics of Wel-fare State Ex-pan-s
ion: Trade
 []


Underfull \hbox (badness 10000) in paragraph at lines 515--521
\OT1/cmr/m/n/12 Open-ness, Dein-dus-tri-al-iza-tion, and Par-ti-san Pol-i-tics.
'' In \OT1/cmr/m/it/12 The New
 []


Underfull \hbox (badness 10000) in paragraph at lines 515--521
\OT1/cmr/m/it/12 Pol-i-tics of the Wel-fare State\OT1/cmr/m/n/12 . Ox-ford: Ox-
ford Uni-ver-sity Press.
 []

[127]
Missing character: There is no ï in font cmr12!
Missing character: There is no ¿ in font cmr12!
Missing character: There is no ¼ in font cmr12!
 [128] [129] [130] [131] [132] [133] [134]
Missing character: There is no ï in font cmr12!
Missing character: There is no ¿ in font cmr12!
Missing character: There is no ¼ in font cmr12!
 [135] [136]
Underfull \hbox (badness 10000) in paragraph at lines 1003--1006
[]\OT1/cmr/m/n/12 World Bank. 2012. ``World De-vel-op-ment In-di-ca-tors.''
 []

) [137] [138

] [139] [140] [141] [142] [143] (./article1_table1.tex
Overfull \hbox (4.75006pt too wide) detected at line 9
$\OML/cmm/m/it/12 :\OT1/cmr/m/n/12 94[]$ 
 []


Overfull \hbox (4.5694pt too wide) detected at line 10
$\OML/cmm/m/it/12 :\OT1/cmr/m/n/12 20)$ 
 []


Overfull \hbox (4.75006pt too wide) detected at line 10
$\OML/cmm/m/it/12 :\OT1/cmr/m/n/12 14[]$ 
 []


Overfull \hbox (4.5694pt too wide) detected at line 11
$\OML/cmm/m/it/12 :\OT1/cmr/m/n/12 03)$ 
 []


Overfull \hbox (4.5694pt too wide) detected at line 12
$\OML/cmm/m/it/12 :\OT1/cmr/m/n/12 08)$ 
 []


Overfull \hbox (4.5694pt too wide) detected at line 13
$\OML/cmm/m/it/12 :\OT1/cmr/m/n/12 08)$ 
 []


Overfull \hbox (4.5694pt too wide) detected at line 14
$\OML/cmm/m/it/12 :\OT1/cmr/m/n/12 04)$ 
 []


Overfull \hbox (4.75006pt too wide) detected at line 14
$\OML/cmm/m/it/12 :\OT1/cmr/m/n/12 36[]$ 
 []


Overfull \hbox (4.5694pt too wide) detected at line 15
$\OML/cmm/m/it/12 :\OT1/cmr/m/n/12 11)$ 
 []


Overfull \hbox (4.75006pt too wide) detected at line 15
$\OML/cmm/m/it/12 :\OT1/cmr/m/n/12 43[]$ 
 []


Overfull \hbox (4.5694pt too wide) detected at line 16
$\OML/cmm/m/it/12 :\OT1/cmr/m/n/12 11)$ 
 []


Overfull \hbox (4.75006pt too wide) detected at line 16
$\OML/cmm/m/it/12 :\OT1/cmr/m/n/12 53[]$ 
 []


Overfull \hbox (4.5694pt too wide) detected at line 17
$\OML/cmm/m/it/12 :\OT1/cmr/m/n/12 08)$ 
 []


Overfull \hbox (4.75006pt too wide) detected at line 17
$\OML/cmm/m/it/12 :\OT1/cmr/m/n/12 35[]$ 
 []


Overfull \hbox (4.5694pt too wide) detected at line 18
$\OML/cmm/m/it/12 :\OT1/cmr/m/n/12 12)$ 
 []


Overfull \hbox (4.75006pt too wide) detected at line 18
$\OML/cmm/m/it/12 :\OT1/cmr/m/n/12 28[]$ 
 []


Overfull \hbox (4.5694pt too wide) detected at line 19
$\OML/cmm/m/it/12 :\OT1/cmr/m/n/12 08)$ 
 []


Overfull \hbox (4.75006pt too wide) detected at line 19
$\OML/cmm/m/it/12 :\OT1/cmr/m/n/12 89[]$ 
 []


Overfull \hbox (4.5694pt too wide) detected at line 20
$\OML/cmm/m/it/12 :\OT1/cmr/m/n/12 20)$ 
 []


Overfull \hbox (4.5694pt too wide) detected at line 21
$\OML/cmm/m/it/12 :\OT1/cmr/m/n/12 15)$ 
 []


Overfull \hbox (4.75006pt too wide) detected at line 21
$\OML/cmm/m/it/12 :\OT1/cmr/m/n/12 10[]$ 
 []


Overfull \hbox (4.5694pt too wide) detected at line 23
$\OML/cmm/m/it/12 :\OT1/cmr/m/n/12 14)$ 
 []

) [144] <article1_blame_coefs1B.pdf, id=575, 289.08pt x 289.08pt>
File: article1_blame_coefs1B.pdf Graphic file (type pdf)

<use article1_blame_coefs1B.pdf>
Package pdftex.def Info: article1_blame_coefs1B.pdf used on input line 2859.
(pdftex.def)             Requested size: 289.07928pt x 289.07928pt.
 [145 <./article1_blame_coefs1B.pdf>]
\openout2 = `article1_table1.B.aux'.


(./article1_table1.B.tex
Overfull \hbox (4.5694pt too wide) detected at line 10
$\OML/cmm/m/it/12 :\OT1/cmr/m/n/12 17)$ 
 []


Overfull \hbox (4.75006pt too wide) detected at line 10
$\OML/cmm/m/it/12 :\OT1/cmr/m/n/12 07[]$ 
 []


Overfull \hbox (4.5694pt too wide) detected at line 11
$\OML/cmm/m/it/12 :\OT1/cmr/m/n/12 03)$ 
 []


Overfull \hbox (4.5694pt too wide) detected at line 12
$\OML/cmm/m/it/12 :\OT1/cmr/m/n/12 07)$ 
 []


Overfull \hbox (4.5694pt too wide) detected at line 13
$\OML/cmm/m/it/12 :\OT1/cmr/m/n/12 07)$ 
 []


Overfull \hbox (4.5694pt too wide) detected at line 14
$\OML/cmm/m/it/12 :\OT1/cmr/m/n/12 04)$ 
 []


Overfull \hbox (4.75006pt too wide) detected at line 14
$\OML/cmm/m/it/12 :\OT1/cmr/m/n/12 42[]$ 
 []


Overfull \hbox (4.5694pt too wide) detected at line 15
$\OML/cmm/m/it/12 :\OT1/cmr/m/n/12 09)$ 
 []


Overfull \hbox (4.75006pt too wide) detected at line 15
$\OML/cmm/m/it/12 :\OT1/cmr/m/n/12 38[]$ 
 []


Overfull \hbox (4.5694pt too wide) detected at line 16
$\OML/cmm/m/it/12 :\OT1/cmr/m/n/12 10)$ 
 []


Overfull \hbox (4.75006pt too wide) detected at line 16
$\OML/cmm/m/it/12 :\OT1/cmr/m/n/12 66[]$ 
 []


Overfull \hbox (4.5694pt too wide) detected at line 17
$\OML/cmm/m/it/12 :\OT1/cmr/m/n/12 07)$ 
 []


Overfull \hbox (4.75006pt too wide) detected at line 17
$\OML/cmm/m/it/12 :\OT1/cmr/m/n/12 30[]$ 
 []


Overfull \hbox (4.5694pt too wide) detected at line 18
$\OML/cmm/m/it/12 :\OT1/cmr/m/n/12 10)$ 
 []


Overfull \hbox (4.75006pt too wide) detected at line 18
$\OML/cmm/m/it/12 :\OT1/cmr/m/n/12 18[]$ 
 []


Overfull \hbox (4.5694pt too wide) detected at line 19
$\OML/cmm/m/it/12 :\OT1/cmr/m/n/12 07)$ 
 []


Overfull \hbox (4.75006pt too wide) detected at line 19
$\OML/cmm/m/it/12 :\OT1/cmr/m/n/12 44[]$ 
 []


Overfull \hbox (4.5694pt too wide) detected at line 20
$\OML/cmm/m/it/12 :\OT1/cmr/m/n/12 17)$ 
 []


Overfull \hbox (4.5694pt too wide) detected at line 21
$\OML/cmm/m/it/12 :\OT1/cmr/m/n/12 14)$ 
 []


Overfull \hbox (4.75006pt too wide) detected at line 21
$\OML/cmm/m/it/12 :\OT1/cmr/m/n/12 98[]$ 
 []


Overfull \hbox (4.5694pt too wide) detected at line 23
$\OML/cmm/m/it/12 :\OT1/cmr/m/n/12 14)$ 
 []

) [146

] <article1_blame_coefs1C.pdf, id=588, 289.08pt x 289.08pt>
File: article1_blame_coefs1C.pdf Graphic file (type pdf)

<use article1_blame_coefs1C.pdf>
Package pdftex.def Info: article1_blame_coefs1C.pdf used on input line 2872.
(pdftex.def)             Requested size: 289.07928pt x 289.07928pt.
 [147

 <./article1_blame_coefs1C.pdf>]
(./article1_table1.C.tex
Overfull \hbox (4.75006pt too wide) detected at line 9
$\OML/cmm/m/it/12 :\OT1/cmr/m/n/12 00[]$ 
 []


Overfull \hbox (4.5694pt too wide) detected at line 10
$\OML/cmm/m/it/12 :\OT1/cmr/m/n/12 16)$ 
 []


Overfull \hbox (4.75006pt too wide) detected at line 10
$\OML/cmm/m/it/12 :\OT1/cmr/m/n/12 12[]$ 
 []


Overfull \hbox (4.5694pt too wide) detected at line 11
$\OML/cmm/m/it/12 :\OT1/cmr/m/n/12 03)$ 
 []


Overfull \hbox (4.5694pt too wide) detected at line 12
$\OML/cmm/m/it/12 :\OT1/cmr/m/n/12 06)$ 
 []


Overfull \hbox (4.5694pt too wide) detected at line 13
$\OML/cmm/m/it/12 :\OT1/cmr/m/n/12 06)$ 
 []


Overfull \hbox (4.5694pt too wide) detected at line 14
$\OML/cmm/m/it/12 :\OT1/cmr/m/n/12 04)$ 
 []


Overfull \hbox (4.5694pt too wide) detected at line 15
$\OML/cmm/m/it/12 :\OT1/cmr/m/n/12 08)$ 
 []


Overfull \hbox (4.75006pt too wide) detected at line 15
$\OML/cmm/m/it/12 :\OT1/cmr/m/n/12 20[]$ 
 []


Overfull \hbox (4.5694pt too wide) detected at line 16
$\OML/cmm/m/it/12 :\OT1/cmr/m/n/12 08)$ 
 []


Overfull \hbox (4.5694pt too wide) detected at line 17
$\OML/cmm/m/it/12 :\OT1/cmr/m/n/12 06)$ 
 []


Overfull \hbox (4.75006pt too wide) detected at line 17
$\OML/cmm/m/it/12 :\OT1/cmr/m/n/12 24[]$ 
 []


Overfull \hbox (4.5694pt too wide) detected at line 18
$\OML/cmm/m/it/12 :\OT1/cmr/m/n/12 10)$ 
 []


Overfull \hbox (4.75006pt too wide) detected at line 18
$\OML/cmm/m/it/12 :\OT1/cmr/m/n/12 67[]$ 
 []


Overfull \hbox (4.5694pt too wide) detected at line 19
$\OML/cmm/m/it/12 :\OT1/cmr/m/n/12 07)$ 
 []


Overfull \hbox (4.75006pt too wide) detected at line 19
$\OML/cmm/m/it/12 :\OT1/cmr/m/n/12 86[]$ 
 []


Overfull \hbox (4.5694pt too wide) detected at line 20
$\OML/cmm/m/it/12 :\OT1/cmr/m/n/12 17)$ 
 []


Overfull \hbox (4.5694pt too wide) detected at line 21
$\OML/cmm/m/it/12 :\OT1/cmr/m/n/12 11)$ 
 []


Overfull \hbox (4.75006pt too wide) detected at line 21
$\OML/cmm/m/it/12 :\OT1/cmr/m/n/12 61[]$ 
 []


Overfull \hbox (4.5694pt too wide) detected at line 23
$\OML/cmm/m/it/12 :\OT1/cmr/m/n/12 10)$ 
 []

) [148] (./article1_table1.2.tex
Overfull \hbox (4.75006pt too wide) detected at line 9
$\OML/cmm/m/it/12 :\OT1/cmr/m/n/12 99[]$ 
 []


Overfull \hbox (4.5694pt too wide) detected at line 10
$\OML/cmm/m/it/12 :\OT1/cmr/m/n/12 31)$ 
 []


Overfull \hbox (4.75006pt too wide) detected at line 10
$\OML/cmm/m/it/12 :\OT1/cmr/m/n/12 79[]$ 
 []


Overfull \hbox (4.5694pt too wide) detected at line 11
$\OML/cmm/m/it/12 :\OT1/cmr/m/n/12 20)$ 
 []


Overfull \hbox (4.75006pt too wide) detected at line 11
$\OML/cmm/m/it/12 :\OT1/cmr/m/n/12 92[]$ 
 []


Overfull \hbox (4.5694pt too wide) detected at line 12
$\OML/cmm/m/it/12 :\OT1/cmr/m/n/12 16)$ 
 []


Overfull \hbox (4.5694pt too wide) detected at line 13
$\OML/cmm/m/it/12 :\OT1/cmr/m/n/12 04)$ 
 []


Overfull \hbox (4.75006pt too wide) detected at line 13
$\OML/cmm/m/it/12 :\OT1/cmr/m/n/12 30[]$ 
 []


Overfull \hbox (4.5694pt too wide) detected at line 14
$\OML/cmm/m/it/12 :\OT1/cmr/m/n/12 10)$ 
 []


Overfull \hbox (4.5694pt too wide) detected at line 15
$\OML/cmm/m/it/12 :\OT1/cmr/m/n/12 10)$ 
 []


Overfull \hbox (4.75006pt too wide) detected at line 15
$\OML/cmm/m/it/12 :\OT1/cmr/m/n/12 17[]$ 
 []


Overfull \hbox (4.5694pt too wide) detected at line 16
$\OML/cmm/m/it/12 :\OT1/cmr/m/n/12 06)$ 
 []


Overfull \hbox (4.5694pt too wide) detected at line 17
$\OML/cmm/m/it/12 :\OT1/cmr/m/n/12 13)$ 
 []


Overfull \hbox (4.75006pt too wide) detected at line 17
$\OML/cmm/m/it/12 :\OT1/cmr/m/n/12 41[]$ 
 []


Overfull \hbox (4.5694pt too wide) detected at line 18
$\OML/cmm/m/it/12 :\OT1/cmr/m/n/12 13)$ 
 []


Overfull \hbox (4.5694pt too wide) detected at line 19
$\OML/cmm/m/it/12 :\OT1/cmr/m/n/12 12)$ 
 []


Overfull \hbox (4.75006pt too wide) detected at line 19
$\OML/cmm/m/it/12 :\OT1/cmr/m/n/12 24[]$ 
 []


Overfull \hbox (4.5694pt too wide) detected at line 20
$\OML/cmm/m/it/12 :\OT1/cmr/m/n/12 12)$ 
 []


Overfull \hbox (4.75006pt too wide) detected at line 20
$\OML/cmm/m/it/12 :\OT1/cmr/m/n/12 44[]$ 
 []


Overfull \hbox (4.5694pt too wide) detected at line 22
$\OML/cmm/m/it/12 :\OT1/cmr/m/n/12 18)$ 
 []

) [149] <article1_govhandling_altcause_coefs.pdf, id=604, 289.08pt x 289.08pt>
File: article1_govhandling_altcause_coefs.pdf Graphic file (type pdf)

<use article1_govhandling_altcause_coefs.pdf>
Package pdftex.def Info: article1_govhandling_altcause_coefs.pdf used on input 
line 2893.
(pdftex.def)             Requested size: 289.07928pt x 289.07928pt.
 (./article1_table2.A.tex
Overfull \hbox (4.75006pt too wide) detected at line 9
$\OML/cmm/m/it/12 :\OT1/cmr/m/n/12 17[]$ 
 []


Overfull \hbox (4.5694pt too wide) detected at line 10
$\OML/cmm/m/it/12 :\OT1/cmr/m/n/12 07)$ 
 []


Overfull \hbox (4.75006pt too wide) detected at line 10
$\OML/cmm/m/it/12 :\OT1/cmr/m/n/12 03[]$ 
 []


Overfull \hbox (4.5694pt too wide) detected at line 11
$\OML/cmm/m/it/12 :\OT1/cmr/m/n/12 01)$ 
 []


Overfull \hbox (4.5694pt too wide) detected at line 12
$\OML/cmm/m/it/12 :\OT1/cmr/m/n/12 02)$ 
 []


Overfull \hbox (4.5694pt too wide) detected at line 13
$\OML/cmm/m/it/12 :\OT1/cmr/m/n/12 02)$ 
 []


Overfull \hbox (4.5694pt too wide) detected at line 14
$\OML/cmm/m/it/12 :\OT1/cmr/m/n/12 01)$ 
 []


Overfull \hbox (4.5694pt too wide) detected at line 15
$\OML/cmm/m/it/12 :\OT1/cmr/m/n/12 03)$ 
 []


Overfull \hbox (4.5694pt too wide) detected at line 16
$\OML/cmm/m/it/12 :\OT1/cmr/m/n/12 03)$ 
 []


Overfull \hbox (4.5694pt too wide) detected at line 17
$\OML/cmm/m/it/12 :\OT1/cmr/m/n/12 03)$ 
 []


Overfull \hbox (4.5694pt too wide) detected at line 18
$\OML/cmm/m/it/12 :\OT1/cmr/m/n/12 03)$ 
 []


Overfull \hbox (4.75006pt too wide) detected at line 18
$\OML/cmm/m/it/12 :\OT1/cmr/m/n/12 11[]$ 
 []


Overfull \hbox (4.5694pt too wide) detected at line 19
$\OML/cmm/m/it/12 :\OT1/cmr/m/n/12 03)$ 
 []


Overfull \hbox (4.75006pt too wide) detected at line 19
$\OML/cmm/m/it/12 :\OT1/cmr/m/n/12 27[]$ 
 []


Overfull \hbox (4.5694pt too wide) detected at line 20
$\OML/cmm/m/it/12 :\OT1/cmr/m/n/12 02)$ 
 []


Overfull \hbox (4.5694pt too wide) detected at line 21
$\OML/cmm/m/it/12 :\OT1/cmr/m/n/12 02)$ 
 []


Overfull \hbox (4.5694pt too wide) detected at line 22
$\OML/cmm/m/it/12 :\OT1/cmr/m/n/12 05)$ 
 []


Overfull \hbox (4.75006pt too wide) detected at line 22
$\OML/cmm/m/it/12 :\OT1/cmr/m/n/12 22[]$ 
 []


Overfull \hbox (4.5694pt too wide) detected at line 23
$\OML/cmm/m/it/12 :\OT1/cmr/m/n/12 04)$ 
 []


Overfull \hbox (4.75006pt too wide) detected at line 23
$\OML/cmm/m/it/12 :\OT1/cmr/m/n/12 27[]$ 
 []


Overfull \hbox (4.5694pt too wide) detected at line 24
$\OML/cmm/m/it/12 :\OT1/cmr/m/n/12 03)$ 
 []


Overfull \hbox (4.75006pt too wide) detected at line 24
$\OML/cmm/m/it/12 :\OT1/cmr/m/n/12 29[]$ 
 []


Overfull \hbox (4.5694pt too wide) detected at line 25
$\OML/cmm/m/it/12 :\OT1/cmr/m/n/12 03)$ 
 []


Overfull \hbox (4.75006pt too wide) detected at line 25
$\OML/cmm/m/it/12 :\OT1/cmr/m/n/12 09[]$ 
 []


Overfull \hbox (4.5694pt too wide) detected at line 27
$\OML/cmm/m/it/12 :\OT1/cmr/m/n/12 03)$ 
 []

) <article1_pressat_coefs.pdf, id=605, 289.08pt x 289.08pt>
File: article1_pressat_coefs.pdf Graphic file (type pdf)

<use article1_pressat_coefs.pdf>
Package pdftex.def Info: article1_pressat_coefs.pdf used on input line 2904.
(pdftex.def)             Requested size: 289.07928pt x 289.07928pt.
 (./article1_table1.1.tex
Overfull \hbox (4.75006pt too wide) detected at line 9
$\OML/cmm/m/it/12 :\OT1/cmr/m/n/12 29[]$ 
 []


Overfull \hbox (4.5694pt too wide) detected at line 10
$\OML/cmm/m/it/12 :\OT1/cmr/m/n/12 07)$ 
 []


Overfull \hbox (4.5694pt too wide) detected at line 11
$\OML/cmm/m/it/12 :\OT1/cmr/m/n/12 01)$ 
 []


Overfull \hbox (4.5694pt too wide) detected at line 12
$\OML/cmm/m/it/12 :\OT1/cmr/m/n/12 03)$ 
 []


Overfull \hbox (4.5694pt too wide) detected at line 13
$\OML/cmm/m/it/12 :\OT1/cmr/m/n/12 03)$ 
 []


Overfull \hbox (4.75006pt too wide) detected at line 13
$\OML/cmm/m/it/12 :\OT1/cmr/m/n/12 06[]$ 
 []


Overfull \hbox (4.5694pt too wide) detected at line 14
$\OML/cmm/m/it/12 :\OT1/cmr/m/n/12 02)$ 
 []


Overfull \hbox (4.5694pt too wide) detected at line 15
$\OML/cmm/m/it/12 :\OT1/cmr/m/n/12 04)$ 
 []


Overfull \hbox (4.75006pt too wide) detected at line 15
$\OML/cmm/m/it/12 :\OT1/cmr/m/n/12 07[]$ 
 []


Overfull \hbox (4.5694pt too wide) detected at line 16
$\OML/cmm/m/it/12 :\OT1/cmr/m/n/12 04)$ 
 []


Overfull \hbox (4.5694pt too wide) detected at line 17
$\OML/cmm/m/it/12 :\OT1/cmr/m/n/12 04)$ 
 []


Overfull \hbox (4.75006pt too wide) detected at line 17
$\OML/cmm/m/it/12 :\OT1/cmr/m/n/12 41[]$ 
 []


Overfull \hbox (4.5694pt too wide) detected at line 18
$\OML/cmm/m/it/12 :\OT1/cmr/m/n/12 03)$ 
 []


Overfull \hbox (4.75006pt too wide) detected at line 18
$\OML/cmm/m/it/12 :\OT1/cmr/m/n/12 44[]$ 
 []


Overfull \hbox (4.5694pt too wide) detected at line 19
$\OML/cmm/m/it/12 :\OT1/cmr/m/n/12 03)$ 
 []


Overfull \hbox (4.75006pt too wide) detected at line 19
$\OML/cmm/m/it/12 :\OT1/cmr/m/n/12 31[]$ 
 []


Overfull \hbox (4.5694pt too wide) detected at line 20
$\OML/cmm/m/it/12 :\OT1/cmr/m/n/12 02)$ 
 []


Overfull \hbox (4.5694pt too wide) detected at line 21
$\OML/cmm/m/it/12 :\OT1/cmr/m/n/12 04)$ 
 []


Overfull \hbox (4.5694pt too wide) detected at line 22
$\OML/cmm/m/it/12 :\OT1/cmr/m/n/12 07)$ 
 []


Overfull \hbox (4.75006pt too wide) detected at line 22
$\OML/cmm/m/it/12 :\OT1/cmr/m/n/12 16[]$ 
 []


Overfull \hbox (4.5694pt too wide) detected at line 23
$\OML/cmm/m/it/12 :\OT1/cmr/m/n/12 08)$ 
 []


Overfull \hbox (4.5694pt too wide) detected at line 24
$\OML/cmm/m/it/12 :\OT1/cmr/m/n/12 04)$ 
 []


Overfull \hbox (4.75006pt too wide) detected at line 24
$\OML/cmm/m/it/12 :\OT1/cmr/m/n/12 17[]$ 
 []


Overfull \hbox (4.5694pt too wide) detected at line 26
$\OML/cmm/m/it/12 :\OT1/cmr/m/n/12 03)$ 
 []

) (./article1_state_vars.tex [150 <./article1_govhandling_altcause_coefs.pdf>]
[151] [152 <./article1_pressat_coefs.pdf>] [153]) [154

]
(./article1_state_vars_summary.tex [155

]) [156


] (./dissertation.aux
(./article1_table1.B.aux))

LaTeX Warning: There were multiply-defined labels.

 )
(\end occurred inside a group at level 1)

### semi simple group (level 1) entered at line 1468 (\begingroup)
### bottom level 
Here is how much of TeX's memory you used:
 5551 strings out of 493315
 87756 string characters out of 6137904
 169338 words of memory out of 5000000
 8864 multiletter control sequences out of 15000+600000
 13660 words of font info for 48 fonts, out of 8000000 for 9000
 957 hyphenation exceptions out of 8191
 38i,10n,38p,4338b,705s stack positions out of 5000i,500n,10000p,200000b,80000s
</usr/local/texlive/2013/texmf-dist/fonts/type1/public/amsfonts
/cm/cmbx10.pfb></usr/local/texlive/2013/texmf-dist/fonts/type1/public/amsfonts/
cm/cmbx12.pfb></usr/local/texlive/2013/texmf-dist/fonts/type1/public/amsfonts/c
m/cmbx7.pfb></usr/local/texlive/2013/texmf-dist/fonts/type1/public/amsfonts/cm/
cmcsc10.pfb></usr/local/texlive/2013/texmf-dist/fonts/type1/public/amsfonts/cm/
cmex10.pfb></usr/local/texlive/2013/texmf-dist/fonts/type1/public/amsfonts/cm/c
mmi10.pfb></usr/local/texlive/2013/texmf-dist/fonts/type1/public/amsfonts/cm/cm
mi12.pfb></usr/local/texlive/2013/texmf-dist/fonts/type1/public/amsfonts/cm/cmm
i7.pfb></usr/local/texlive/2013/texmf-dist/fonts/type1/public/amsfonts/cm/cmmi8
.pfb></usr/local/texlive/2013/texmf-dist/fonts/type1/public/amsfonts/cm/cmr10.p
fb></usr/local/texlive/2013/texmf-dist/fonts/type1/public/amsfonts/cm/cmr12.pfb
></usr/local/texlive/2013/texmf-dist/fonts/type1/public/amsfonts/cm/cmr17.pfb><
/usr/local/texlive/2013/texmf-dist/fonts/type1/public/amsfonts/cm/cmr6.pfb></us
r/local/texlive/2013/texmf-dist/fonts/type1/public/amsfonts/cm/cmr7.pfb></usr/l
ocal/texlive/2013/texmf-dist/fonts/type1/public/amsfonts/cm/cmr8.pfb></usr/loca
l/texlive/2013/texmf-dist/fonts/type1/public/amsfonts/cm/cmsy10.pfb></usr/local
/texlive/2013/texmf-dist/fonts/type1/public/amsfonts/cm/cmsy6.pfb></usr/local/t
exlive/2013/texmf-dist/fonts/type1/public/amsfonts/cm/cmsy7.pfb></usr/local/tex
live/2013/texmf-dist/fonts/type1/public/amsfonts/cm/cmsy8.pfb></usr/local/texli
ve/2013/texmf-dist/fonts/type1/public/amsfonts/cm/cmti10.pfb></usr/local/texliv
e/2013/texmf-dist/fonts/type1/public/amsfonts/cm/cmti12.pfb></usr/local/texlive
/2013/texmf-dist/fonts/type1/public/amsfonts/cm/cmti8.pfb>
Output written on dissertation.pdf (163 pages, 3924840 bytes).
PDF statistics:
 716 PDF objects out of 1000 (max. 8388607)
 484 compressed objects within 5 object streams
 0 named destinations out of 1000 (max. 500000)
 101 words of extra memory for PDF output out of 10000 (max. 10000000)

